<?xml version="1.0" encoding="UTF-8"?>
<testsuite name="Computer Page Test"
           tests="5"
           failures="0"
           errors="0"
           skipped="0"
           time="10.167">
  <properties />
  
  
            <testcase name="verifyUserShouldNavigateToDesktopsPageSuccessfully" time="1.099" classname="com.nopcommerce.demo.testsuite.ComputerPageTest" />
                <testcase name="verifyUserShouldNavigateToComputerPageSuccessfully" time="0.609" classname="com.nopcommerce.demo.testsuite.ComputerPageTest" />
                <testcase name="verifyThatUserShouldBuildYourOwnComputerAndAddToCartSuccessfully" time="2.696" classname="com.nopcommerce.demo.testsuite.ComputerPageTest" />
                <testcase name="verifyThatUserShouldBuildYourOwnComputerAndAddToCartSuccessfully" time="3.209" classname="com.nopcommerce.demo.testsuite.ComputerPageTest" />
                <testcase name="verifyThatUserShouldBuildYourOwnComputerAndAddToCartSuccessfully" time="2.554" classname="com.nopcommerce.demo.testsuite.ComputerPageTest" />
      
</testsuite>
